<?xml version="1.0" encoding="UTF-8"?>
<!-- Generated by org.testng.reporters.JUnitReportReporter -->
<testsuite hostname="LTIN283605" failures="0" tests="1" name="TestCase.TC004_GoogleSignup" time="9.332" errors="0" timestamp="2024-03-22T14:51:39 IST" skipped="0">
  <testcase classname="TestCase.TC004_GoogleSignup" name="verifyLoginPage" time="9.332"/>
</testsuite> <!-- TestCase.TC004_GoogleSignup -->
