<?xml version="1.0" encoding="UTF-8"?>
<!-- Generated by org.testng.reporters.JUnitReportReporter -->
<testsuite hostname="LTIN283605" failures="0" tests="1" name="TestCase.TC002_UsedCarsDetails" time="43.747" errors="0" timestamp="2024-03-22T14:24:34 IST" skipped="0">
  <testcase classname="TestCase.TC002_UsedCarsDetails" name="UsedCarDetails" time="43.747"/>
</testsuite> <!-- TestCase.TC002_UsedCarsDetails -->
