<?xml version="1.0" encoding="UTF-8"?>
<!-- Generated by org.testng.reporters.JUnitReportReporter -->
<testsuite hostname="LTIN283605" failures="0" tests="2" name="TestCase.TC001_UpBikeDetails" time="85.712" errors="0" timestamp="2024-03-22T14:24:34 IST" skipped="0">
  <testcase classname="TestCase.TC001_UpBikeDetails" name="clickNewBikes" time="41.496"/>
  <testcase classname="TestCase.TC001_UpBikeDetails" name="clickUpcomingBikes" time="44.216"/>
</testsuite> <!-- TestCase.TC001_UpBikeDetails -->
