<?xml version="1.0" encoding="UTF-8"?>
<!-- Generated by org.testng.reporters.JUnitReportReporter -->
<testsuite hostname="LTIN282895" failures="0" tests="2" name="TestCase.TestCase3_GoogleLogin" time="11.241" errors="0" timestamp="2024-03-03T15:52:58 IST" skipped="0">
  <testcase classname="TestCase.TestCase3_GoogleLogin" name="verifyLoginPage" time="6.787"/>
  <testcase classname="TestCase.TestCase3_GoogleLogin" name="verifyLoginPage" time="4.454"/>
</testsuite> <!-- TestCase.TestCase3_GoogleLogin -->
