<?xml version="1.0" encoding="UTF-8"?>
<!-- Generated by org.testng.reporters.JUnitReportReporter -->
<testsuite hostname="LTIN282895" failures="0" tests="2" name="TestCase.TestCase2_UsedCarsDetails" time="57.827" errors="0" timestamp="2024-03-03T15:52:58 IST" skipped="0">
  <testcase classname="TestCase.TestCase2_UsedCarsDetails" name="UsedCarDetails" time="28.314"/>
  <testcase classname="TestCase.TestCase2_UsedCarsDetails" name="UsedCarDetails" time="29.513"/>
</testsuite> <!-- TestCase.TestCase2_UsedCarsDetails -->
